<?xml version="1.0" encoding="UTF-8"?>
<!-- Generated by org.testng.reporters.JUnitXMLReporter -->
<testsuite hostname="LAPTOP-JTNN1PTL" ignored="0" name="Validating homepage" tests="10" failures="0" timestamp="2022-11-01T15:52:25 EDT" time="175.834" errors="0">
  <testcase name="select_and_verify_country" time="3.123" classname="Shopping.HomePageTest"/>
  <testcase name="select_and_verify_solid_colors_from_menu" time="3.232" classname="Shopping.CatelogTest"/>
  <testcase name="add_and_verify_cart" time="1.602" classname="Shopping.CatelogTest"/>
  <testcase name="verify_added_product_in_cart_page" time="6.726" classname="Shopping.CartTest"/>
  <testcase name="verify_checkout" time="2.469" classname="Shopping.CartTest"/>
  <testcase name="select_product_after_returning_from_cart" time="0.208" classname="Shopping.CatelogTest"/>
  <testcase name="verify_added_product_in_cart_page_after_addtition" time="2.08" classname="Shopping.CartTest"/>
  <testcase name="verify_checkout_after_product_addition_and_continue_as_guest" time="0.205" classname="Shopping.CartTest"/>
  <testcase name="verify_and_assert_clicked_on_continue_as_guest" time="11.046" classname="Shopping.ContinueAsGuestTest"/>
  <testcase name="find_stylist_by_zipcode_and_select_stylist_and_verify_shipping_address_page" time="145.099" classname="Shopping.ContinueAsGuestTest"/>
</testsuite> <!-- Validating homepage -->
