<?xml version="1.0" encoding="UTF-8"?>
<!-- Generated by org.testng.reporters.JUnitXMLReporter -->
<testsuite hostname="LAPTOP-JTNN1PTL" ignored="0" name="Validating user login" tests="3" failures="0" timestamp="2020-09-07T07:54:57 EDT" time="33.263" errors="0">
  <testcase name="basePageNavigation" time="15.24" classname="Academy.HomePage"/>
  <testcase name="basePageNavigation" time="8.346" classname="Academy.HomePage"/>
  <testcase name="basePageNavigation" time="9.487" classname="Academy.HomePage"/>
</testsuite> <!-- Validating user login -->
