<?xml version="1.0" encoding="UTF-8"?>
<testsuite xmlns:xsi="http://www.w3.org/2001/XMLSchema-instance" xsi:noNamespaceSchemaLocation="https://maven.apache.org/surefire/maven-surefire-plugin/xsd/surefire-test-report-3.0.xsd" version="3.0" name="TestSuite" time="34.832" tests="5" errors="0" skipped="0" failures="0">
  <properties>
[...]
</properties>
  <testcase name="basePageNavigation" classname="Academy.ValidateNavigationBar" time="0.003">
    <system-out><![CDATA[chrome
chrome
07:54:24.256 [TestNG-tests-3] ERROR Resources.Base - This is error
07:54:24.260 [TestNG-tests-3] FATAL Resources.Base - This is fatal
chrome
]]></system-out>
    <system-err><![CDATA[ERROR StatusLogger No log4j2 configuration file found. Using default configuration: logging only errors to the console. Set system property 'org.apache.logging.log4j.simplelog.StatusLogger.level' to TRACE to show Log4j2 internal initialization logging.
Starting ChromeDriver 85.0.4183.87 (cd6713ebf92fa1cacc0f1a598df280093af0c5d7-refs/branch-heads/4183@{#1689}) on port 20887
Only local connections are allowed.
Please see https://chromedriver.chromium.org/secuStrairttinyg- CchoronmesDidreirvaetr i85o.ns0 .f4o1r8 3s.u8g7g e(sctdi6o7n1s3 eobnf 9k2efeap1icnagc cC0hfr1oam5e9D8rdifv2e8r0 0s9a3faef.0c
5d7C-hrerofmseD/rbivrear nwacsh -shtearteadd s/s4u18c3@c{#e1s68s9}f)ully. o
n port 45209
Only local connections are allowed.
Please see https://chromedriver.Schtroamirumt.orign/gse cuCrihtyr-coonmsiedeDrartiiovnse fro 8r5 .s0u.4g18g3.e8s7 t(cid6o7n13se bfon9 2kfeaep1icnga Cchcr0ofm1eaD5r9i8vdefr2 8s0a09f3ea.f0
c5d7-refs/branch-heads/4183@{#1689}) on port 43723
Only local connections are allowed.
Please see https://chromedriver.chromCiumh.orrg/osemcueriDty-rconisidevrateionrs f or wsugagess tsitoarnts eond  kesepuincg cChersomseDfurlilyv.er s
afe.
ChromeDriver was started successfully.
Sep 07, 2020 7:54:29 AM org.openqa.selenium.remote.ProtocolHandshake createSession
INFO: Detected dialect: W3C
Sep 07, 2020 7:54:29 AM org.openqa.selenium.remote.ProtocolHandshake createSession
INFO: Detected dialect: W3C
Sep 07, 2020 7:54:29 AM org.openqa.selenium.remote.ProtocolHandshake createSession
INFO: Detected dialect: W3C
]]></system-err>
  </testcase>
  <testcase name="basePageNavigation" classname="Academy.ValidateTitle" time="0.059"/>
  <testcase name="basePageNavigation[nonrestricteduser@hfj.com, 112324, text](1)" classname="Academy.HomePage" time="0.248"/>
  <testcase name="basePageNavigation[restricteduser@dpd.com, 17061992, Restricted User](2)" classname="Academy.HomePage" time="8.399">
    <system-out><![CDATA[07:54:39.493 [TestNG-tests-3] ERROR Resources.Base - This is error
07:54:39.493 [TestNG-tests-3] FATAL Resources.Base - This is fatal
chrome
]]></system-out>
    <system-err><![CDATA[Starting ChromeDriver 85.0.4183.87 (cd6713ebf92fa1cacc0f1a598df280093af0c5d7-refs/branch-heads/4183@{#1689}) on port 5821
Only local connections are allowed.
Please see https://chromedriver.chromium.org/security-considerations for suggestions on keeping ChromeDriver safe.
ChromeDriver was started successfully.
Sep 07, 2020 7:54:42 AM org.openqa.selenium.remote.ProtocolHandshake createSession
INFO: Detected dialect: W3C
]]></system-err>
  </testcase>
  <testcase name="basePageNavigation[abdcdljd@jfj.com, u7t6757657, dbdjisos](3)" classname="Academy.HomePage" time="9.499">
    <system-out><![CDATA[07:54:47.840 [TestNG-tests-3] ERROR Resources.Base - This is error
07:54:47.840 [TestNG-tests-3] FATAL Resources.Base - This is fatal
chrome
]]></system-out>
    <system-err><![CDATA[Starting ChromeDriver 85.0.4183.87 (cd6713ebf92fa1cacc0f1a598df280093af0c5d7-refs/branch-heads/4183@{#1689}) on port 1047
Only local connections are allowed.
Please see https://chromedriver.chromium.org/security-considerations for suggestions on keeping ChromeDriver safe.
ChromeDriver was started successfully.
Sep 07, 2020 7:54:51 AM org.openqa.selenium.remote.ProtocolHandshake createSession
INFO: Detected dialect: W3C
]]></system-err>
  </testcase>
</testsuite>