<?xml version="1.0" encoding="UTF-8"?>
<testng-results skipped="0" failed="0" ignored="0" total="5" passed="5">
  <reporter-output>
  </reporter-output>
  <suite name="Suite" duration-ms="33263" started-at="2020-09-07T07:54:24 EDT" finished-at="2020-09-07T07:54:57 EDT">
    <groups>
    </groups>
    <test name="Validating title in the page" duration-ms="15226" started-at="2020-09-07T07:54:24 EDT" finished-at="2020-09-07T07:54:39 EDT">
      <class name="Academy.ValidateTitle">
        <test-method status="PASS" signature="initialize()[pri:0, instance:Academy.ValidateTitle@1817d444]" name="initialize" is-config="true" duration-ms="15036" started-at="2020-09-07T07:54:24 EDT" finished-at="2020-09-07T07:54:39 EDT">
          <reporter-output>
          </reporter-output>
        </test-method> <!-- initialize -->
        <test-method status="PASS" signature="basePageNavigation()[pri:0, instance:Academy.ValidateTitle@1817d444]" name="basePageNavigation" duration-ms="60" started-at="2020-09-07T07:54:39 EDT" finished-at="2020-09-07T07:54:39 EDT">
          <reporter-output>
          </reporter-output>
        </test-method> <!-- basePageNavigation -->
        <test-method status="PASS" signature="tearDown()[pri:0, instance:Academy.ValidateTitle@1817d444]" name="tearDown" is-config="true" duration-ms="124" started-at="2020-09-07T07:54:39 EDT" finished-at="2020-09-07T07:54:39 EDT">
          <reporter-output>
          </reporter-output>
        </test-method> <!-- tearDown -->
      </class> <!-- Academy.ValidateTitle -->
    </test> <!-- Validating title in the page -->
    <test name="Validating Navigation bar" duration-ms="17111" started-at="2020-09-07T07:54:24 EDT" finished-at="2020-09-07T07:54:41 EDT">
      <class name="Academy.ValidateNavigationBar">
        <test-method status="PASS" signature="initialize()[pri:0, instance:Academy.ValidateNavigationBar@72a7c7e0]" name="initialize" is-config="true" duration-ms="12773" started-at="2020-09-07T07:54:24 EDT" finished-at="2020-09-07T07:54:36 EDT">
          <reporter-output>
          </reporter-output>
        </test-method> <!-- initialize -->
        <test-method status="PASS" signature="basePageNavigation()[pri:0, instance:Academy.ValidateNavigationBar@72a7c7e0]" name="basePageNavigation" duration-ms="187" started-at="2020-09-07T07:54:36 EDT" finished-at="2020-09-07T07:54:37 EDT">
          <reporter-output>
          </reporter-output>
        </test-method> <!-- basePageNavigation -->
        <test-method status="PASS" signature="tearDown()[pri:0, instance:Academy.ValidateNavigationBar@72a7c7e0]" name="tearDown" is-config="true" duration-ms="4135" started-at="2020-09-07T07:54:37 EDT" finished-at="2020-09-07T07:54:41 EDT">
          <reporter-output>
          </reporter-output>
        </test-method> <!-- tearDown -->
      </class> <!-- Academy.ValidateNavigationBar -->
    </test> <!-- Validating Navigation bar -->
    <test name="Validating user login" duration-ms="33263" started-at="2020-09-07T07:54:24 EDT" finished-at="2020-09-07T07:54:57 EDT">
      <class name="Academy.HomePage">
        <test-method status="PASS" signature="basePageNavigation(java.lang.String, java.lang.String, java.lang.String)[pri:0, instance:Academy.HomePage@39529185]" name="basePageNavigation" duration-ms="15240" started-at="2020-09-07T07:54:24 EDT" data-provider="getData" finished-at="2020-09-07T07:54:39 EDT">
          <params>
            <param index="0">
              <value>
                <![CDATA[nonrestricteduser@hfj.com]]>
              </value>
            </param>
            <param index="1">
              <value>
                <![CDATA[112324]]>
              </value>
            </param>
            <param index="2">
              <value>
                <![CDATA[text]]>
              </value>
            </param>
          </params>
          <reporter-output>
          </reporter-output>
        </test-method> <!-- basePageNavigation -->
        <test-method status="PASS" signature="basePageNavigation(java.lang.String, java.lang.String, java.lang.String)[pri:0, instance:Academy.HomePage@39529185]" name="basePageNavigation" duration-ms="8346" started-at="2020-09-07T07:54:39 EDT" data-provider="getData" finished-at="2020-09-07T07:54:47 EDT">
          <params>
            <param index="0">
              <value>
                <![CDATA[restricteduser@dpd.com]]>
              </value>
            </param>
            <param index="1">
              <value>
                <![CDATA[17061992]]>
              </value>
            </param>
            <param index="2">
              <value>
                <![CDATA[Restricted User]]>
              </value>
            </param>
          </params>
          <reporter-output>
          </reporter-output>
        </test-method> <!-- basePageNavigation -->
        <test-method status="PASS" signature="basePageNavigation(java.lang.String, java.lang.String, java.lang.String)[pri:0, instance:Academy.HomePage@39529185]" name="basePageNavigation" duration-ms="9487" started-at="2020-09-07T07:54:47 EDT" data-provider="getData" finished-at="2020-09-07T07:54:57 EDT">
          <params>
            <param index="0">
              <value>
                <![CDATA[abdcdljd@jfj.com]]>
              </value>
            </param>
            <param index="1">
              <value>
                <![CDATA[u7t6757657]]>
              </value>
            </param>
            <param index="2">
              <value>
                <![CDATA[dbdjisos]]>
              </value>
            </param>
          </params>
          <reporter-output>
          </reporter-output>
        </test-method> <!-- basePageNavigation -->
        <test-method status="PASS" signature="tearDown()[pri:0, instance:Academy.HomePage@39529185]" name="tearDown" is-config="true" duration-ms="136" started-at="2020-09-07T07:54:57 EDT" finished-at="2020-09-07T07:54:57 EDT">
          <reporter-output>
          </reporter-output>
        </test-method> <!-- tearDown -->
      </class> <!-- Academy.HomePage -->
    </test> <!-- Validating user login -->
  </suite> <!-- Suite -->
</testng-results>
