<?xml version="1.0" encoding="UTF-8"?>
<testng-results skipped="0" failed="0" ignored="0" total="10" passed="10">
  <reporter-output>
  </reporter-output>
  <suite name="Suite" duration-ms="57389" started-at="2022-11-01T21:03:23 EDT" finished-at="2022-11-01T21:04:21 EDT">
    <groups>
    </groups>
    <test name="Validating homepage" duration-ms="57389" started-at="2022-11-01T21:03:23 EDT" finished-at="2022-11-01T21:04:21 EDT">
      <class name="Shopping.HomePageTest">
        <test-method status="PASS" signature="initialize_driver()[pri:0, instance:Shopping.HomePageTest@7f13d6e]" name="initialize_driver" is-config="true" duration-ms="6451" started-at="2022-11-01T21:03:17 EDT" finished-at="2022-11-01T21:03:23 EDT">
          <reporter-output>
          </reporter-output>
        </test-method> <!-- initialize_driver -->
        <test-method status="PASS" signature="select_and_verify_country()[pri:0, instance:Shopping.HomePageTest@7f13d6e]" name="select_and_verify_country" duration-ms="2187" started-at="2022-11-01T21:03:23 EDT" finished-at="2022-11-01T21:03:26 EDT">
          <reporter-output>
          </reporter-output>
        </test-method> <!-- select_and_verify_country -->
        <test-method status="PASS" signature="terminate_browser()[pri:0, instance:Shopping.HomePageTest@7f13d6e]" name="terminate_browser" is-config="true" duration-ms="170" started-at="2022-11-01T21:04:21 EDT" finished-at="2022-11-01T21:04:21 EDT">
          <reporter-output>
          </reporter-output>
        </test-method> <!-- terminate_browser -->
      </class> <!-- Shopping.HomePageTest -->
      <class name="Shopping.CartTest">
        <test-method status="PASS" signature="verify_added_product_in_cart_page()[pri:0, instance:Shopping.CartTest@d44fc21]" name="verify_added_product_in_cart_page" duration-ms="2476" started-at="2022-11-01T21:03:35 EDT" depends-on-methods="Shopping.CatelogTest.add_and_verify_cart" finished-at="2022-11-01T21:03:37 EDT">
          <reporter-output>
          </reporter-output>
        </test-method> <!-- verify_added_product_in_cart_page -->
        <test-method status="PASS" signature="verify_checkout()[pri:0, instance:Shopping.CartTest@d44fc21]" name="verify_checkout" duration-ms="1543" started-at="2022-11-01T21:03:37 EDT" depends-on-methods="Shopping.CartTest.verify_added_product_in_cart_page" finished-at="2022-11-01T21:03:39 EDT">
          <reporter-output>
          </reporter-output>
        </test-method> <!-- verify_checkout -->
        <test-method status="PASS" signature="verify_added_product_in_cart_page_after_addtition()[pri:0, instance:Shopping.CartTest@d44fc21]" name="verify_added_product_in_cart_page_after_addtition" duration-ms="2295" started-at="2022-11-01T21:03:40 EDT" depends-on-methods="Shopping.CatelogTest.select_product_after_returning_from_cart" finished-at="2022-11-01T21:03:42 EDT">
          <reporter-output>
          </reporter-output>
        </test-method> <!-- verify_added_product_in_cart_page_after_addtition -->
        <test-method status="PASS" signature="verify_checkout_after_product_addition_and_continue_as_guest()[pri:0, instance:Shopping.CartTest@d44fc21]" name="verify_checkout_after_product_addition_and_continue_as_guest" duration-ms="22701" started-at="2022-11-01T21:03:42 EDT" depends-on-methods="Shopping.CartTest.verify_added_product_in_cart_page_after_addtition" finished-at="2022-11-01T21:04:05 EDT">
          <reporter-output>
          </reporter-output>
        </test-method> <!-- verify_checkout_after_product_addition_and_continue_as_guest -->
      </class> <!-- Shopping.CartTest -->
      <class name="Shopping.ContinueAsGuestTest">
        <test-method status="PASS" signature="verify_and_assert_clicked_on_continue_as_guest()[pri:0, instance:Shopping.ContinueAsGuestTest@23faf8f2]" name="verify_and_assert_clicked_on_continue_as_guest" duration-ms="7310" started-at="2022-11-01T21:04:05 EDT" depends-on-methods="Shopping.CartTest.verify_checkout_after_product_addition_and_continue_as_guest" finished-at="2022-11-01T21:04:12 EDT">
          <reporter-output>
          </reporter-output>
        </test-method> <!-- verify_and_assert_clicked_on_continue_as_guest -->
        <test-method status="PASS" signature="find_stylist_by_zipcode_and_select_stylist_and_verify_shipping_address_page(java.lang.String)[pri:0, instance:Shopping.ContinueAsGuestTest@23faf8f2]" name="find_stylist_by_zipcode_and_select_stylist_and_verify_shipping_address_page" duration-ms="8704" started-at="2022-11-01T21:04:12 EDT" depends-on-methods="Shopping.ContinueAsGuestTest.verify_and_assert_clicked_on_continue_as_guest" finished-at="2022-11-01T21:04:21 EDT">
          <params>
            <param index="0">
              <value>
                <![CDATA[2]]>
              </value>
            </param>
          </params>
          <reporter-output>
          </reporter-output>
        </test-method> <!-- find_stylist_by_zipcode_and_select_stylist_and_verify_shipping_address_page -->
      </class> <!-- Shopping.ContinueAsGuestTest -->
      <class name="Shopping.CatelogTest">
        <test-method status="PASS" signature="select_and_verify_solid_colors_from_menu()[pri:0, instance:Shopping.CatelogTest@51cdd8a]" name="select_and_verify_solid_colors_from_menu" duration-ms="7494" started-at="2022-11-01T21:03:26 EDT" depends-on-methods="Shopping.HomePageTest.select_and_verify_country" finished-at="2022-11-01T21:03:33 EDT">
          <reporter-output>
          </reporter-output>
        </test-method> <!-- select_and_verify_solid_colors_from_menu -->
        <test-method status="PASS" signature="add_and_verify_cart(java.lang.String)[pri:0, instance:Shopping.CatelogTest@51cdd8a]" name="add_and_verify_cart" duration-ms="1703" started-at="2022-11-01T21:03:33 EDT" depends-on-methods="Shopping.CatelogTest.select_and_verify_solid_colors_from_menu" finished-at="2022-11-01T21:03:35 EDT">
          <params>
            <param index="0">
              <value>
                <![CDATA[5,6,7]]>
              </value>
            </param>
          </params>
          <reporter-output>
          </reporter-output>
        </test-method> <!-- add_and_verify_cart -->
        <test-method status="PASS" signature="select_product_after_returning_from_cart(java.lang.String)[pri:0, instance:Shopping.CatelogTest@51cdd8a]" name="select_product_after_returning_from_cart" duration-ms="871" started-at="2022-11-01T21:03:39 EDT" depends-on-methods="Shopping.CartTest.verify_checkout" finished-at="2022-11-01T21:03:40 EDT">
          <params>
            <param index="0">
              <value>
                <![CDATA[2]]>
              </value>
            </param>
          </params>
          <reporter-output>
          </reporter-output>
        </test-method> <!-- select_product_after_returning_from_cart -->
      </class> <!-- Shopping.CatelogTest -->
    </test> <!-- Validating homepage -->
  </suite> <!-- Suite -->
</testng-results>
