<?xml version="1.0" encoding="UTF-8"?>
<testng-results skipped="0" failed="0" ignored="0" total="10" passed="10">
  <reporter-output>
  </reporter-output>
  <suite name="Suite" duration-ms="175834" started-at="2022-11-01T15:49:29 EDT" finished-at="2022-11-01T15:52:25 EDT">
    <groups>
    </groups>
    <test name="Validating homepage" duration-ms="175834" started-at="2022-11-01T15:49:29 EDT" finished-at="2022-11-01T15:52:25 EDT">
      <class name="Shopping.HomePageTest">
        <test-method status="PASS" signature="initialize_driver()[pri:0, instance:Shopping.HomePageTest@7f13d6e]" name="initialize_driver" is-config="true" duration-ms="14804" started-at="2022-11-01T15:49:14 EDT" finished-at="2022-11-01T15:49:29 EDT">
          <reporter-output>
          </reporter-output>
        </test-method> <!-- initialize_driver -->
        <test-method status="PASS" signature="select_and_verify_country()[pri:0, instance:Shopping.HomePageTest@7f13d6e]" name="select_and_verify_country" duration-ms="3123" started-at="2022-11-01T15:49:29 EDT" finished-at="2022-11-01T15:49:32 EDT">
          <reporter-output>
          </reporter-output>
        </test-method> <!-- select_and_verify_country -->
        <test-method status="FAIL" signature="terminate_browser()[pri:0, instance:Shopping.HomePageTest@7f13d6e]" name="terminate_browser" is-config="true" duration-ms="31" started-at="2022-11-01T15:52:25 EDT" finished-at="2022-11-01T15:52:25 EDT">
          <exception class="org.openqa.selenium.NoSuchSessionException">
            <message>
              <![CDATA[invalid session id
Build info: version: '3.141.59', revision: 'e82be7d358', time: '2018-11-14T08:17:03'
System info: host: 'LAPTOP-JTNN1PTL', ip: '172.20.10.3', os.name: 'Windows 10', os.arch: 'amd64', os.version: '10.0', java.version: '1.8.0_251'
Driver info: org.openqa.selenium.chrome.ChromeDriver
Capabilities {acceptInsecureCerts: false, browserName: chrome, browserVersion: 107.0.5304.88, chrome: {chromedriverVersion: 106.0.5249.61 (511755355844..., userDataDir: C:\Users\dhara\AppData\Loca...}, goog:chromeOptions: {debuggerAddress: localhost:52258}, javascriptEnabled: true, networkConnectionEnabled: false, pageLoadStrategy: normal, platform: WINDOWS, platformName: WINDOWS, proxy: Proxy(), setWindowRect: true, strictFileInteractability: false, timeouts: {implicit: 0, pageLoad: 300000, script: 30000}, unhandledPromptBehavior: dismiss and notify, webauthn:extension:credBlob: true, webauthn:extension:largeBlob: true, webauthn:virtualAuthenticators: true}
Session ID: cd556cdb7cfbbaa1a648c87cc0705593]]>
            </message>
            <full-stacktrace>
              <![CDATA[org.openqa.selenium.NoSuchSessionException: invalid session id
Build info: version: '3.141.59', revision: 'e82be7d358', time: '2018-11-14T08:17:03'
System info: host: 'LAPTOP-JTNN1PTL', ip: '172.20.10.3', os.name: 'Windows 10', os.arch: 'amd64', os.version: '10.0', java.version: '1.8.0_251'
Driver info: org.openqa.selenium.chrome.ChromeDriver
Capabilities {acceptInsecureCerts: false, browserName: chrome, browserVersion: 107.0.5304.88, chrome: {chromedriverVersion: 106.0.5249.61 (511755355844..., userDataDir: C:\Users\dhara\AppData\Loca...}, goog:chromeOptions: {debuggerAddress: localhost:52258}, javascriptEnabled: true, networkConnectionEnabled: false, pageLoadStrategy: normal, platform: WINDOWS, platformName: WINDOWS, proxy: Proxy(), setWindowRect: true, strictFileInteractability: false, timeouts: {implicit: 0, pageLoad: 300000, script: 30000}, unhandledPromptBehavior: dismiss and notify, webauthn:extension:credBlob: true, webauthn:extension:largeBlob: true, webauthn:virtualAuthenticators: true}
Session ID: cd556cdb7cfbbaa1a648c87cc0705593
at sun.reflect.NativeConstructorAccessorImpl.newInstance0(Native Method)
at sun.reflect.NativeConstructorAccessorImpl.newInstance(Unknown Source)
at sun.reflect.DelegatingConstructorAccessorImpl.newInstance(Unknown Source)
at java.lang.reflect.Constructor.newInstance(Unknown Source)
at org.openqa.selenium.remote.http.W3CHttpResponseCodec.createException(W3CHttpResponseCodec.java:187)
at org.openqa.selenium.remote.http.W3CHttpResponseCodec.decode(W3CHttpResponseCodec.java:122)
at org.openqa.selenium.remote.http.W3CHttpResponseCodec.decode(W3CHttpResponseCodec.java:49)
at org.openqa.selenium.remote.HttpCommandExecutor.execute(HttpCommandExecutor.java:158)
at org.openqa.selenium.remote.service.DriverCommandExecutor.execute(DriverCommandExecutor.java:83)
at org.openqa.selenium.remote.RemoteWebDriver.execute(RemoteWebDriver.java:552)
at org.openqa.selenium.remote.RemoteWebDriver.execute(RemoteWebDriver.java:609)
at org.openqa.selenium.remote.RemoteWebDriver.close(RemoteWebDriver.java:442)
at Shopping.HomePageTest.terminate_browser(HomePageTest.java:56)
at sun.reflect.NativeMethodAccessorImpl.invoke0(Native Method)
at sun.reflect.NativeMethodAccessorImpl.invoke(Unknown Source)
at sun.reflect.DelegatingMethodAccessorImpl.invoke(Unknown Source)
at java.lang.reflect.Method.invoke(Unknown Source)
at org.testng.internal.MethodInvocationHelper.invokeMethod(MethodInvocationHelper.java:132)
at org.testng.internal.MethodInvocationHelper.invokeMethodConsideringTimeout(MethodInvocationHelper.java:61)
at org.testng.internal.ConfigInvoker.invokeConfigurationMethod(ConfigInvoker.java:366)
at org.testng.internal.ConfigInvoker.invokeConfigurations(ConfigInvoker.java:320)
at org.testng.SuiteRunner.privateRun(SuiteRunner.java:351)
at org.testng.SuiteRunner.run(SuiteRunner.java:286)
at org.testng.SuiteRunnerWorker.runSuite(SuiteRunnerWorker.java:53)
at org.testng.SuiteRunnerWorker.run(SuiteRunnerWorker.java:96)
at org.testng.TestNG.runSuitesSequentially(TestNG.java:1218)
at org.testng.TestNG.runSuitesLocally(TestNG.java:1140)
at org.testng.TestNG.runSuites(TestNG.java:1069)
at org.testng.TestNG.run(TestNG.java:1037)
at org.testng.remote.AbstractRemoteTestNG.run(AbstractRemoteTestNG.java:115)
at org.testng.remote.RemoteTestNG.initAndRun(RemoteTestNG.java:251)
at org.testng.remote.RemoteTestNG.main(RemoteTestNG.java:77)
]]>
            </full-stacktrace>
          </exception> <!-- org.openqa.selenium.NoSuchSessionException -->
          <reporter-output>
          </reporter-output>
        </test-method> <!-- terminate_browser -->
      </class> <!-- Shopping.HomePageTest -->
      <class name="Shopping.CartTest">
        <test-method status="PASS" signature="verify_added_product_in_cart_page()[pri:0, instance:Shopping.CartTest@d44fc21]" name="verify_added_product_in_cart_page" duration-ms="6726" started-at="2022-11-01T15:49:37 EDT" depends-on-methods="Shopping.CatelogTest.add_and_verify_cart" finished-at="2022-11-01T15:49:44 EDT">
          <reporter-output>
          </reporter-output>
        </test-method> <!-- verify_added_product_in_cart_page -->
        <test-method status="PASS" signature="verify_checkout()[pri:0, instance:Shopping.CartTest@d44fc21]" name="verify_checkout" duration-ms="2469" started-at="2022-11-01T15:49:44 EDT" depends-on-methods="Shopping.CartTest.verify_added_product_in_cart_page" finished-at="2022-11-01T15:49:46 EDT">
          <reporter-output>
          </reporter-output>
        </test-method> <!-- verify_checkout -->
        <test-method status="PASS" signature="verify_added_product_in_cart_page_after_addtition()[pri:0, instance:Shopping.CartTest@d44fc21]" name="verify_added_product_in_cart_page_after_addtition" duration-ms="2080" started-at="2022-11-01T15:49:46 EDT" depends-on-methods="Shopping.CatelogTest.select_product_after_returning_from_cart" finished-at="2022-11-01T15:49:48 EDT">
          <reporter-output>
          </reporter-output>
        </test-method> <!-- verify_added_product_in_cart_page_after_addtition -->
        <test-method status="PASS" signature="verify_checkout_after_product_addition_and_continue_as_guest()[pri:0, instance:Shopping.CartTest@d44fc21]" name="verify_checkout_after_product_addition_and_continue_as_guest" duration-ms="205" started-at="2022-11-01T15:49:48 EDT" depends-on-methods="Shopping.CartTest.verify_added_product_in_cart_page_after_addtition" finished-at="2022-11-01T15:49:48 EDT">
          <reporter-output>
          </reporter-output>
        </test-method> <!-- verify_checkout_after_product_addition_and_continue_as_guest -->
      </class> <!-- Shopping.CartTest -->
      <class name="Shopping.ContinueAsGuestTest">
        <test-method status="PASS" signature="verify_and_assert_clicked_on_continue_as_guest()[pri:0, instance:Shopping.ContinueAsGuestTest@23faf8f2]" name="verify_and_assert_clicked_on_continue_as_guest" duration-ms="11046" started-at="2022-11-01T15:49:48 EDT" depends-on-methods="Shopping.CartTest.verify_checkout_after_product_addition_and_continue_as_guest" finished-at="2022-11-01T15:50:00 EDT">
          <reporter-output>
          </reporter-output>
        </test-method> <!-- verify_and_assert_clicked_on_continue_as_guest -->
        <test-method status="PASS" signature="find_stylist_by_zipcode_and_select_stylist_and_verify_shipping_address_page(java.lang.String)[pri:0, instance:Shopping.ContinueAsGuestTest@23faf8f2]" name="find_stylist_by_zipcode_and_select_stylist_and_verify_shipping_address_page" duration-ms="145099" started-at="2022-11-01T15:50:00 EDT" depends-on-methods="Shopping.ContinueAsGuestTest.verify_and_assert_clicked_on_continue_as_guest" finished-at="2022-11-01T15:52:25 EDT">
          <params>
            <param index="0">
              <value>
                <![CDATA[2]]>
              </value>
            </param>
          </params>
          <reporter-output>
          </reporter-output>
        </test-method> <!-- find_stylist_by_zipcode_and_select_stylist_and_verify_shipping_address_page -->
      </class> <!-- Shopping.ContinueAsGuestTest -->
      <class name="Shopping.CatelogTest">
        <test-method status="PASS" signature="select_and_verify_solid_colors_from_menu()[pri:0, instance:Shopping.CatelogTest@51cdd8a]" name="select_and_verify_solid_colors_from_menu" duration-ms="3232" started-at="2022-11-01T15:49:32 EDT" depends-on-methods="Shopping.HomePageTest.select_and_verify_country" finished-at="2022-11-01T15:49:35 EDT">
          <reporter-output>
          </reporter-output>
        </test-method> <!-- select_and_verify_solid_colors_from_menu -->
        <test-method status="PASS" signature="add_and_verify_cart(java.lang.String)[pri:0, instance:Shopping.CatelogTest@51cdd8a]" name="add_and_verify_cart" duration-ms="1602" started-at="2022-11-01T15:49:35 EDT" depends-on-methods="Shopping.CatelogTest.select_and_verify_solid_colors_from_menu" finished-at="2022-11-01T15:49:37 EDT">
          <params>
            <param index="0">
              <value>
                <![CDATA[5,6,7]]>
              </value>
            </param>
          </params>
          <reporter-output>
          </reporter-output>
        </test-method> <!-- add_and_verify_cart -->
        <test-method status="PASS" signature="select_product_after_returning_from_cart(java.lang.String)[pri:0, instance:Shopping.CatelogTest@51cdd8a]" name="select_product_after_returning_from_cart" duration-ms="208" started-at="2022-11-01T15:49:46 EDT" depends-on-methods="Shopping.CartTest.verify_checkout" finished-at="2022-11-01T15:49:46 EDT">
          <params>
            <param index="0">
              <value>
                <![CDATA[2]]>
              </value>
            </param>
          </params>
          <reporter-output>
          </reporter-output>
        </test-method> <!-- select_product_after_returning_from_cart -->
      </class> <!-- Shopping.CatelogTest -->
    </test> <!-- Validating homepage -->
  </suite> <!-- Suite -->
</testng-results>
